# JRE version: Java(TM) SE Runtime Environment (8.0_171-b11) (build 1.8.0_171-b11)
# Java VM: Java HotSpot(TM) 64-Bit Server VM (25.171-b11 mixed mode windows-amd64 compressed oops)
Heap:
 PSYoungGen      total 25088K, used 13592K [0x00000000d5f80000, 0x00000000d7900000, 0x0000000100000000)
  eden space 24064K, 53% used [0x00000000d5f80000,0x00000000d6c2b9c8,0x00000000d7700000)
  from space 1024K, 60% used [0x00000000d7700000,0x00000000d779a9d0,0x00000000d7800000)
  to   space 1024K, 0% used [0x00000000d7800000,0x00000000d7800000,0x00000000d7900000)
 ParOldGen       total 73728K, used 20053K [0x0000000081e00000, 0x0000000086600000, 0x00000000d5f80000)
  object space 73728K, 27% used [0x0000000081e00000,0x00000000831956b8,0x0000000086600000)
 Metaspace       used 31227K, capacity 31634K, committed 31920K, reserved 1077248K
  class space    used 3800K, capacity 3929K, committed 4016K, reserved 1048576K
GC Heap History (10 events):
Event: 175.480 GC heap before
{Heap before GC invocations=127 (full 2):
 PSYoungGen      total 25088K, used 24763K [0x00000000d5f80000, 0x00000000d7900000, 0x0000000100000000)
  eden space 24064K, 99% used [0x00000000d5f80000,0x00000000d76fd7c8,0x00000000d7700000)
  from space 1024K, 69% used [0x00000000d7800000,0x00000000d78b15f8,0x00000000d7900000)
  to   space 1024K, 0% used [0x00000000d7700000,0x00000000d7700000,0x00000000d7800000)
 ParOldGen       total 73728K, used 19883K [0x0000000081e00000, 0x0000000086600000, 0x00000000d5f80000)
  object space 73728K, 26% used [0x0000000081e00000,0x000000008316ac28,0x0000000086600000)
 Metaspace       used 31198K, capacity 31634K, committed 31920K, reserved 1077248K
  class space    used 3800K, capacity 3929K, committed 4016K, reserved 1048576K
Event: 175.482 GC heap after
Heap after GC invocations=127 (full 2):
 PSYoungGen      total 25088K, used 624K [0x00000000d5f80000, 0x00000000d7900000, 0x0000000100000000)
  eden space 24064K, 0% used [0x00000000d5f80000,0x00000000d5f80000,0x00000000d7700000)
  from space 1024K, 60% used [0x00000000d7700000,0x00000000d779c010,0x00000000d7800000)
  to   space 1024K, 0% used [0x00000000d7800000,0x00000000d7800000,0x00000000d7900000)
 ParOldGen       total 73728K, used 19907K [0x0000000081e00000, 0x0000000086600000, 0x00000000d5f80000)
  object space 73728K, 27% used [0x0000000081e00000,0x0000000083170c28,0x0000000086600000)
 Metaspace       used 31198K, capacity 31634K, committed 31920K, reserved 1077248K
  class space    used 3800K, capacity 3929K, committed 4016K, reserved 1048576K
}
Event: 176.170 GC heap before
{Heap before GC invocations=128 (full 2):
 PSYoungGen      total 25088K, used 24675K [0x00000000d5f80000, 0x00000000d7900000, 0x0000000100000000)
  eden space 24064K, 99% used [0x00000000d5f80000,0x00000000d76fcf28,0x00000000d7700000)
  from space 1024K, 60% used [0x00000000d7700000,0x00000000d779c010,0x00000000d7800000)
  to   space 1024K, 0% used [0x00000000d7800000,0x00000000d7800000,0x00000000d7900000)
 ParOldGen       total 73728K, used 19907K [0x0000000081e00000, 0x0000000086600000, 0x00000000d5f80000)
  object space 73728K, 27% used [0x0000000081e00000,0x0000000083170c28,0x0000000086600000)
 Metaspace       used 31198K, capacity 31634K, committed 31920K, reserved 1077248K
  class space    used 3800K, capacity 3929K, committed 4016K, reserved 1048576K
Event: 176.172 GC heap after
Heap after GC invocations=128 (full 2):
 PSYoungGen      total 25088K, used 684K [0x00000000d5f80000, 0x00000000d7900000, 0x0000000100000000)
  eden space 24064K, 0% used [0x00000000d5f80000,0x00000000d5f80000,0x00000000d7700000)
  from space 1024K, 66% used [0x00000000d7800000,0x00000000d78ab0c0,0x00000000d7900000)
  to   space 1024K, 0% used [0x00000000d7700000,0x00000000d7700000,0x00000000d7800000)
 ParOldGen       total 73728K, used 19930K [0x0000000081e00000, 0x0000000086600000, 0x00000000d5f80000)
  object space 73728K, 27% used [0x0000000081e00000,0x0000000083176b58,0x0000000086600000)
 Metaspace       used 31198K, capacity 31634K, committed 31920K, reserved 1077248K
  class space    used 3800K, capacity 3929K, committed 4016K, reserved 1048576K
}
Event: 176.992 GC heap before
{Heap before GC invocations=129 (full 2):
 PSYoungGen      total 25088K, used 24734K [0x00000000d5f80000, 0x00000000d7900000, 0x0000000100000000)
  eden space 24064K, 99% used [0x00000000d5f80000,0x00000000d76fc9f8,0x00000000d7700000)
  from space 1024K, 66% used [0x00000000d7800000,0x00000000d78ab0c0,0x00000000d7900000)
  to   space 1024K, 0% used [0x00000000d7700000,0x00000000d7700000,0x00000000d7800000)
 ParOldGen       total 73728K, used 19930K [0x0000000081e00000, 0x0000000086600000, 0x00000000d5f80000)
  object space 73728K, 27% used [0x0000000081e00000,0x0000000083176b58,0x0000000086600000)
 Metaspace       used 31198K, capacity 31634K, committed 31920K, reserved 1077248K
  class space    used 3800K, capacity 3929K, committed 4016K, reserved 1048576K
Event: 176.994 GC heap after
Heap after GC invocations=129 (full 2):
 PSYoungGen      total 25088K, used 664K [0x00000000d5f80000, 0x00000000d7900000, 0x0000000100000000)
  eden space 24064K, 0% used [0x00000000d5f80000,0x00000000d5f80000,0x00000000d7700000)
  from space 1024K, 64% used [0x00000000d7700000,0x00000000d77a60d8,0x00000000d7800000)
  to   space 1024K, 0% used [0x00000000d7800000,0x00000000d7800000,0x00000000d7900000)
 ParOldGen       total 73728K, used 19976K [0x0000000081e00000, 0x0000000086600000, 0x00000000d5f80000)
  object space 73728K, 27% used [0x0000000081e00000,0x0000000083182108,0x0000000086600000)
 Metaspace       used 31198K, capacity 31634K, committed 31920K, reserved 1077248K
  class space    used 3800K, capacity 3929K, committed 4016K, reserved 1048576K
}
Event: 177.844 GC heap before
{Heap before GC invocations=130 (full 2):
 PSYoungGen      total 25088K, used 24724K [0x00000000d5f80000, 0x00000000d7900000, 0x0000000100000000)
  eden space 24064K, 99% used [0x00000000d5f80000,0x00000000d76ff1c0,0x00000000d7700000)
  from space 1024K, 64% used [0x00000000d7700000,0x00000000d77a60d8,0x00000000d7800000)
  to   space 1024K, 0% used [0x00000000d7800000,0x00000000d7800000,0x00000000d7900000)
 ParOldGen       total 73728K, used 19976K [0x0000000081e00000, 0x0000000086600000, 0x00000000d5f80000)
  object space 73728K, 27% used [0x0000000081e00000,0x0000000083182108,0x0000000086600000)
 Metaspace       used 31223K, capacity 31634K, committed 31920K, reserved 1077248K
  class space    used 3800K, capacity 3929K, committed 4016K, reserved 1048576K
Event: 177.845 GC heap after
Heap after GC invocations=130 (full 2):
 PSYoungGen      total 25088K, used 711K [0x00000000d5f80000, 0x00000000d7900000, 0x0000000100000000)
  eden space 24064K, 0% used [0x00000000d5f80000,0x00000000d5f80000,0x00000000d7700000)
  from space 1024K, 69% used [0x00000000d7800000,0x00000000d78b1df0,0x00000000d7900000)
  to   space 1024K, 0% used [0x00000000d7700000,0x00000000d7700000,0x00000000d7800000)
 ParOldGen       total 73728K, used 20016K [0x0000000081e00000, 0x0000000086600000, 0x00000000d5f80000)
  object space 73728K, 27% used [0x0000000081e00000,0x000000008318c108,0x0000000086600000)
 Metaspace       used 31223K, capacity 31634K, committed 31920K, reserved 1077248K
  class space    used 3800K, capacity 3929K, committed 4016K, reserved 1048576K
}
Event: 178.635 GC heap before
{Heap before GC invocations=131 (full 2):
 PSYoungGen      total 25088K, used 24752K [0x00000000d5f80000, 0x00000000d7900000, 0x0000000100000000)
  eden space 24064K, 99% used [0x00000000d5f80000,0x00000000d76fa3b0,0x00000000d7700000)
  from space 1024K, 69% used [0x00000000d7800000,0x00000000d78b1df0,0x00000000d7900000)
  to   space 1024K, 0% used [0x00000000d7700000,0x00000000d7700000,0x00000000d7800000)
 ParOldGen       total 73728K, used 20016K [0x0000000081e00000, 0x0000000086600000, 0x00000000d5f80000)
  object space 73728K, 27% used [0x0000000081e00000,0x000000008318c108,0x0000000086600000)
 Metaspace       used 31223K, capacity 31634K, committed 31920K, reserved 1077248K
  class space    used 3800K, capacity 3929K, committed 4016K, reserved 1048576K
Event: 178.637 GC heap after
Heap after GC invocations=131 (full 2):
 PSYoungGen      total 25088K, used 618K [0x00000000d5f80000, 0x00000000d7900000, 0x0000000100000000)
  eden space 24064K, 0% used [0x00000000d5f80000,0x00000000d5f80000,0x00000000d7700000)
  from space 1024K, 60% used [0x00000000d7700000,0x00000000d779a9d0,0x00000000d7800000)
  to   space 1024K, 0% used [0x00000000d7800000,0x00000000d7800000,0x00000000d7900000)
 ParOldGen       total 73728K, used 20053K [0x0000000081e00000, 0x0000000086600000, 0x00000000d5f80000)
  object space 73728K, 27% used [0x0000000081e00000,0x00000000831956b8,0x0000000086600000)
 Metaspace       used 31223K, capacity 31634K, committed 31920K, reserved 1077248K
  class space    used 3800K, capacity 3929K, committed 4016K, reserved 1048576K
}

