# JRE version: Java(TM) SE Runtime Environment (8.0_171-b11) (build 1.8.0_171-b11)
# Java VM: Java HotSpot(TM) 64-Bit Server VM (25.171-b11 mixed mode windows-amd64 compressed oops)
Heap:
 PSYoungGen      total 134656K, used 75650K [0x00000000d5f80000, 0x00000000de800000, 0x0000000100000000)
  eden space 129536K, 58% used [0x00000000d5f80000,0x00000000da921c90,0x00000000dde00000)
  from space 5120K, 4% used [0x00000000de300000,0x00000000de33ecc0,0x00000000de800000)
  to   space 5120K, 0% used [0x00000000dde00000,0x00000000dde00000,0x00000000de300000)
 ParOldGen       total 75264K, used 33996K [0x0000000081e00000, 0x0000000086780000, 0x00000000d5f80000)
  object space 75264K, 45% used [0x0000000081e00000,0x0000000083f33190,0x0000000086780000)
 Metaspace       used 29773K, capacity 30748K, committed 30976K, reserved 1075200K
  class space    used 4048K, capacity 4287K, committed 4352K, reserved 1048576K
GC Heap History (10 events):
Event: 10.811 GC heap before
{Heap before GC invocations=5 (full 1):
 PSYoungGen      total 38400K, used 34379K [0x00000000d5f80000, 0x00000000d8a00000, 0x0000000100000000)
  eden space 33280K, 99% used [0x00000000d5f80000,0x00000000d7fed278,0x00000000d8000000)
  from space 5120K, 22% used [0x00000000d8000000,0x00000000d8125c08,0x00000000d8500000)
  to   space 5120K, 0% used [0x00000000d8500000,0x00000000d8500000,0x00000000d8a00000)
 ParOldGen       total 75264K, used 32873K [0x0000000081e00000, 0x0000000086780000, 0x00000000d5f80000)
  object space 75264K, 43% used [0x0000000081e00000,0x0000000083e1a680,0x0000000086780000)
 Metaspace       used 22927K, capacity 23618K, committed 23808K, reserved 1069056K
  class space    used 3110K, capacity 3294K, committed 3328K, reserved 1048576K
Event: 10.812 GC heap after
Heap after GC invocations=5 (full 1):
 PSYoungGen      total 38400K, used 1216K [0x00000000d5f80000, 0x00000000da900000, 0x0000000100000000)
  eden space 33280K, 0% used [0x00000000d5f80000,0x00000000d5f80000,0x00000000d8000000)
  from space 5120K, 23% used [0x00000000d8500000,0x00000000d8630218,0x00000000d8a00000)
  to   space 5120K, 0% used [0x00000000d8000000,0x00000000d8000000,0x00000000d8500000)
 ParOldGen       total 75264K, used 32881K [0x0000000081e00000, 0x0000000086780000, 0x00000000d5f80000)
  object space 75264K, 43% used [0x0000000081e00000,0x0000000083e1c680,0x0000000086780000)
 Metaspace       used 22927K, capacity 23618K, committed 23808K, reserved 1069056K
  class space    used 3110K, capacity 3294K, committed 3328K, reserved 1048576K
}
Event: 10.819 GC heap before
{Heap before GC invocations=6 (full 1):
 PSYoungGen      total 38400K, used 34445K [0x00000000d5f80000, 0x00000000da900000, 0x0000000100000000)
  eden space 33280K, 99% used [0x00000000d5f80000,0x00000000d7ff3280,0x00000000d8000000)
  from space 5120K, 23% used [0x00000000d8500000,0x00000000d8630218,0x00000000d8a00000)
  to   space 5120K, 0% used [0x00000000d8000000,0x00000000d8000000,0x00000000d8500000)
 ParOldGen       total 75264K, used 32881K [0x0000000081e00000, 0x0000000086780000, 0x00000000d5f80000)
  object space 75264K, 43% used [0x0000000081e00000,0x0000000083e1c680,0x0000000086780000)
 Metaspace       used 22927K, capacity 23618K, committed 23808K, reserved 1069056K
  class space    used 3110K, capacity 3294K, committed 3328K, reserved 1048576K
Event: 10.821 GC heap after
Heap after GC invocations=6 (full 1):
 PSYoungGen      total 38400K, used 1296K [0x00000000d5f80000, 0x00000000daa80000, 0x0000000100000000)
  eden space 33280K, 0% used [0x00000000d5f80000,0x00000000d5f80000,0x00000000d8000000)
  from space 5120K, 25% used [0x00000000d8000000,0x00000000d8144390,0x00000000d8500000)
  to   space 5632K, 0% used [0x00000000da500000,0x00000000da500000,0x00000000daa80000)
 ParOldGen       total 75264K, used 32881K [0x0000000081e00000, 0x0000000086780000, 0x00000000d5f80000)
  object space 75264K, 43% used [0x0000000081e00000,0x0000000083e1c680,0x0000000086780000)
 Metaspace       used 22927K, capacity 23618K, committed 23808K, reserved 1069056K
  class space    used 3110K, capacity 3294K, committed 3328K, reserved 1048576K
}
Event: 10.827 GC heap before
{Heap before GC invocations=7 (full 1):
 PSYoungGen      total 38400K, used 34486K [0x00000000d5f80000, 0x00000000daa80000, 0x0000000100000000)
  eden space 33280K, 99% used [0x00000000d5f80000,0x00000000d7fe9820,0x00000000d8000000)
  from space 5120K, 25% used [0x00000000d8000000,0x00000000d8144390,0x00000000d8500000)
  to   space 5632K, 0% used [0x00000000da500000,0x00000000da500000,0x00000000daa80000)
 ParOldGen       total 75264K, used 32881K [0x0000000081e00000, 0x0000000086780000, 0x00000000d5f80000)
  object space 75264K, 43% used [0x0000000081e00000,0x0000000083e1c680,0x0000000086780000)
 Metaspace       used 22928K, capacity 23618K, committed 23808K, reserved 1069056K
  class space    used 3110K, capacity 3294K, committed 3328K, reserved 1048576K
Event: 10.828 GC heap after
Heap after GC invocations=7 (full 1):
 PSYoungGen      total 71168K, used 1383K [0x00000000d5f80000, 0x00000000dab00000, 0x0000000100000000)
  eden space 65536K, 0% used [0x00000000d5f80000,0x00000000d5f80000,0x00000000d9f80000)
  from space 5632K, 24% used [0x00000000da500000,0x00000000da659e98,0x00000000daa80000)
  to   space 5632K, 0% used [0x00000000d9f80000,0x00000000d9f80000,0x00000000da500000)
 ParOldGen       total 75264K, used 32881K [0x0000000081e00000, 0x0000000086780000, 0x00000000d5f80000)
  object space 75264K, 43% used [0x0000000081e00000,0x0000000083e1c680,0x0000000086780000)
 Metaspace       used 22928K, capacity 23618K, committed 23808K, reserved 1069056K
  class space    used 3110K, capacity 3294K, committed 3328K, reserved 1048576K
}
Event: 10.845 GC heap before
{Heap before GC invocations=8 (full 1):
 PSYoungGen      total 71168K, used 66884K [0x00000000d5f80000, 0x00000000dab00000, 0x0000000100000000)
  eden space 65536K, 99% used [0x00000000d5f80000,0x00000000d9f77478,0x00000000d9f80000)
  from space 5632K, 24% used [0x00000000da500000,0x00000000da659e98,0x00000000daa80000)
  to   space 5632K, 0% used [0x00000000d9f80000,0x00000000d9f80000,0x00000000da500000)
 ParOldGen       total 75264K, used 32881K [0x0000000081e00000, 0x0000000086780000, 0x00000000d5f80000)
  object space 75264K, 43% used [0x0000000081e00000,0x0000000083e1c680,0x0000000086780000)
 Metaspace       used 22928K, capacity 23618K, committed 23808K, reserved 1069056K
  class space    used 3110K, capacity 3294K, committed 3328K, reserved 1048576K
Event: 10.846 GC heap after
Heap after GC invocations=8 (full 1):
 PSYoungGen      total 71168K, used 1299K [0x00000000d5f80000, 0x00000000de800000, 0x0000000100000000)
  eden space 65536K, 0% used [0x00000000d5f80000,0x00000000d5f80000,0x00000000d9f80000)
  from space 5632K, 23% used [0x00000000d9f80000,0x00000000da0c4f20,0x00000000da500000)
  to   space 5120K, 0% used [0x00000000de300000,0x00000000de300000,0x00000000de800000)
 ParOldGen       total 75264K, used 32881K [0x0000000081e00000, 0x0000000086780000, 0x00000000d5f80000)
  object space 75264K, 43% used [0x0000000081e00000,0x0000000083e1c680,0x0000000086780000)
 Metaspace       used 22928K, capacity 23618K, committed 23808K, reserved 1069056K
  class space    used 3110K, capacity 3294K, committed 3328K, reserved 1048576K
}
Event: 10.856 GC heap before
{Heap before GC invocations=9 (full 1):
 PSYoungGen      total 71168K, used 66661K [0x00000000d5f80000, 0x00000000de800000, 0x0000000100000000)
  eden space 65536K, 99% used [0x00000000d5f80000,0x00000000d9f54778,0x00000000d9f80000)
  from space 5632K, 23% used [0x00000000d9f80000,0x00000000da0c4f20,0x00000000da500000)
  to   space 5120K, 0% used [0x00000000de300000,0x00000000de300000,0x00000000de800000)
 ParOldGen       total 75264K, used 32881K [0x0000000081e00000, 0x0000000086780000, 0x00000000d5f80000)
  object space 75264K, 43% used [0x0000000081e00000,0x0000000083e1c680,0x0000000086780000)
 Metaspace       used 22928K, capacity 23618K, committed 23808K, reserved 1069056K
  class space    used 3110K, capacity 3294K, committed 3328K, reserved 1048576K
Event: 10.857 GC heap after
Heap after GC invocations=9 (full 1):
 PSYoungGen      total 134656K, used 251K [0x00000000d5f80000, 0x00000000de800000, 0x0000000100000000)
  eden space 129536K, 0% used [0x00000000d5f80000,0x00000000d5f80000,0x00000000dde00000)
  from space 5120K, 4% used [0x00000000de300000,0x00000000de33ecc0,0x00000000de800000)
  to   space 5120K, 0% used [0x00000000dde00000,0x00000000dde00000,0x00000000de300000)
 ParOldGen       total 75264K, used 33996K [0x0000000081e00000, 0x0000000086780000, 0x00000000d5f80000)
  object space 75264K, 45% used [0x0000000081e00000,0x0000000083f33190,0x0000000086780000)
 Metaspace       used 22928K, capacity 23618K, committed 23808K, reserved 1069056K
  class space    used 3110K, capacity 3294K, committed 3328K, reserved 1048576K
}

