# JRE version: Java(TM) SE Runtime Environment (8.0_171-b11) (build 1.8.0_171-b11)
# Java VM: Java HotSpot(TM) 64-Bit Server VM (25.171-b11 mixed mode windows-amd64 compressed oops)
Heap:
 PSYoungGen      total 128000K, used 52527K [0x00000000d5f80000, 0x00000000e4c00000, 0x0000000100000000)
  eden space 109568K, 46% used [0x00000000d5f80000,0x00000000d90c9018,0x00000000dca80000)
  from space 18432K, 11% used [0x00000000dca80000,0x00000000dcc82c00,0x00000000ddc80000)
  to   space 17408K, 0% used [0x00000000e3b00000,0x00000000e3b00000,0x00000000e4c00000)
 ParOldGen       total 62976K, used 8740K [0x0000000081e00000, 0x0000000085b80000, 0x00000000d5f80000)
  object space 62976K, 13% used [0x0000000081e00000,0x0000000082689050,0x0000000085b80000)
 Metaspace       used 30225K, capacity 31358K, committed 31616K, reserved 1077248K
  class space    used 4163K, capacity 4412K, committed 4480K, reserved 1048576K
GC Heap History (10 events):
Event: 31.462 GC heap before
{Heap before GC invocations=4 (full 1):
 PSYoungGen      total 38400K, used 33238K [0x00000000d5f80000, 0x00000000daa80000, 0x0000000100000000)
  eden space 33280K, 99% used [0x00000000d5f80000,0x00000000d7ff5808,0x00000000d8000000)
  from space 5120K, 0% used [0x00000000d8500000,0x00000000d8500000,0x00000000d8a00000)
  to   space 5120K, 0% used [0x00000000d8000000,0x00000000d8000000,0x00000000d8500000)
 ParOldGen       total 62976K, used 8708K [0x0000000081e00000, 0x0000000085b80000, 0x00000000d5f80000)
  object space 62976K, 13% used [0x0000000081e00000,0x0000000082681050,0x0000000085b80000)
 Metaspace       used 23351K, capacity 24096K, committed 24448K, reserved 1071104K
  class space    used 3157K, capacity 3339K, committed 3456K, reserved 1048576K
Event: 31.467 GC heap after
Heap after GC invocations=4 (full 1):
 PSYoungGen      total 38400K, used 1475K [0x00000000d5f80000, 0x00000000da180000, 0x0000000100000000)
  eden space 33280K, 0% used [0x00000000d5f80000,0x00000000d5f80000,0x00000000d8000000)
  from space 5120K, 28% used [0x00000000d8000000,0x00000000d8170c50,0x00000000d8500000)
  to   space 5120K, 0% used [0x00000000d9c80000,0x00000000d9c80000,0x00000000da180000)
 ParOldGen       total 62976K, used 8716K [0x0000000081e00000, 0x0000000085b80000, 0x00000000d5f80000)
  object space 62976K, 13% used [0x0000000081e00000,0x0000000082683050,0x0000000085b80000)
 Metaspace       used 23351K, capacity 24096K, committed 24448K, reserved 1071104K
  class space    used 3157K, capacity 3339K, committed 3456K, reserved 1048576K
}
Event: 31.481 GC heap before
{Heap before GC invocations=5 (full 1):
 PSYoungGen      total 38400K, used 34751K [0x00000000d5f80000, 0x00000000da180000, 0x0000000100000000)
  eden space 33280K, 99% used [0x00000000d5f80000,0x00000000d7fff078,0x00000000d8000000)
  from space 5120K, 28% used [0x00000000d8000000,0x00000000d8170c50,0x00000000d8500000)
  to   space 5120K, 0% used [0x00000000d9c80000,0x00000000d9c80000,0x00000000da180000)
 ParOldGen       total 62976K, used 8716K [0x0000000081e00000, 0x0000000085b80000, 0x00000000d5f80000)
  object space 62976K, 13% used [0x0000000081e00000,0x0000000082683050,0x0000000085b80000)
 Metaspace       used 23351K, capacity 24096K, committed 24448K, reserved 1071104K
  class space    used 3157K, capacity 3339K, committed 3456K, reserved 1048576K
Event: 31.483 GC heap after
Heap after GC invocations=5 (full 1):
 PSYoungGen      total 62464K, used 1460K [0x00000000d5f80000, 0x00000000da600000, 0x0000000100000000)
  eden space 57344K, 0% used [0x00000000d5f80000,0x00000000d5f80000,0x00000000d9780000)
  from space 5120K, 28% used [0x00000000d9c80000,0x00000000d9ded3e8,0x00000000da180000)
  to   space 5120K, 0% used [0x00000000d9780000,0x00000000d9780000,0x00000000d9c80000)
 ParOldGen       total 62976K, used 8724K [0x0000000081e00000, 0x0000000085b80000, 0x00000000d5f80000)
  object space 62976K, 13% used [0x0000000081e00000,0x0000000082685050,0x0000000085b80000)
 Metaspace       used 23351K, capacity 24096K, committed 24448K, reserved 1071104K
  class space    used 3157K, capacity 3339K, committed 3456K, reserved 1048576K
}
Event: 31.505 GC heap before
{Heap before GC invocations=6 (full 1):
 PSYoungGen      total 62464K, used 58770K [0x00000000d5f80000, 0x00000000da600000, 0x0000000100000000)
  eden space 57344K, 99% used [0x00000000d5f80000,0x00000000d97777a8,0x00000000d9780000)
  from space 5120K, 28% used [0x00000000d9c80000,0x00000000d9ded3e8,0x00000000da180000)
  to   space 5120K, 0% used [0x00000000d9780000,0x00000000d9780000,0x00000000d9c80000)
 ParOldGen       total 62976K, used 8724K [0x0000000081e00000, 0x0000000085b80000, 0x00000000d5f80000)
  object space 62976K, 13% used [0x0000000081e00000,0x0000000082685050,0x0000000085b80000)
 Metaspace       used 23352K, capacity 24096K, committed 24448K, reserved 1071104K
  class space    used 3157K, capacity 3339K, committed 3456K, reserved 1048576K
Event: 31.508 GC heap after
Heap after GC invocations=6 (full 1):
 PSYoungGen      total 62464K, used 1563K [0x00000000d5f80000, 0x00000000def80000, 0x0000000100000000)
  eden space 57344K, 0% used [0x00000000d5f80000,0x00000000d5f80000,0x00000000d9780000)
  from space 5120K, 30% used [0x00000000d9780000,0x00000000d9906f28,0x00000000d9c80000)
  to   space 19456K, 0% used [0x00000000ddc80000,0x00000000ddc80000,0x00000000def80000)
 ParOldGen       total 62976K, used 8724K [0x0000000081e00000, 0x0000000085b80000, 0x00000000d5f80000)
  object space 62976K, 13% used [0x0000000081e00000,0x0000000082685050,0x0000000085b80000)
 Metaspace       used 23352K, capacity 24096K, committed 24448K, reserved 1071104K
  class space    used 3157K, capacity 3339K, committed 3456K, reserved 1048576K
}
Event: 31.520 GC heap before
{Heap before GC invocations=7 (full 1):
 PSYoungGen      total 62464K, used 58816K [0x00000000d5f80000, 0x00000000def80000, 0x0000000100000000)
  eden space 57344K, 99% used [0x00000000d5f80000,0x00000000d97690f8,0x00000000d9780000)
  from space 5120K, 30% used [0x00000000d9780000,0x00000000d9906f28,0x00000000d9c80000)
  to   space 19456K, 0% used [0x00000000ddc80000,0x00000000ddc80000,0x00000000def80000)
 ParOldGen       total 62976K, used 8724K [0x0000000081e00000, 0x0000000085b80000, 0x00000000d5f80000)
  object space 62976K, 13% used [0x0000000081e00000,0x0000000082685050,0x0000000085b80000)
 Metaspace       used 23352K, capacity 24096K, committed 24448K, reserved 1071104K
  class space    used 3157K, capacity 3339K, committed 3456K, reserved 1048576K
Event: 31.522 GC heap after
Heap after GC invocations=7 (full 1):
 PSYoungGen      total 128512K, used 1481K [0x00000000d5f80000, 0x00000000def00000, 0x0000000100000000)
  eden space 109568K, 0% used [0x00000000d5f80000,0x00000000d5f80000,0x00000000dca80000)
  from space 18944K, 7% used [0x00000000ddc80000,0x00000000dddf2438,0x00000000def00000)
  to   space 18432K, 0% used [0x00000000dca80000,0x00000000dca80000,0x00000000ddc80000)
 ParOldGen       total 62976K, used 8732K [0x0000000081e00000, 0x0000000085b80000, 0x00000000d5f80000)
  object space 62976K, 13% used [0x0000000081e00000,0x0000000082687050,0x0000000085b80000)
 Metaspace       used 23352K, capacity 24096K, committed 24448K, reserved 1071104K
  class space    used 3157K, capacity 3339K, committed 3456K, reserved 1048576K
}
Event: 32.362 GC heap before
{Heap before GC invocations=8 (full 1):
 PSYoungGen      total 128512K, used 111049K [0x00000000d5f80000, 0x00000000def00000, 0x0000000100000000)
  eden space 109568K, 100% used [0x00000000d5f80000,0x00000000dca80000,0x00000000dca80000)
  from space 18944K, 7% used [0x00000000ddc80000,0x00000000dddf2438,0x00000000def00000)
  to   space 18432K, 0% used [0x00000000dca80000,0x00000000dca80000,0x00000000ddc80000)
 ParOldGen       total 62976K, used 8732K [0x0000000081e00000, 0x0000000085b80000, 0x00000000d5f80000)
  object space 62976K, 13% used [0x0000000081e00000,0x0000000082687050,0x0000000085b80000)
 Metaspace       used 23788K, capacity 24552K, committed 24704K, reserved 1071104K
  class space    used 3212K, capacity 3381K, committed 3456K, reserved 1048576K
Event: 32.369 GC heap after
Heap after GC invocations=8 (full 1):
 PSYoungGen      total 128000K, used 2059K [0x00000000d5f80000, 0x00000000e4c00000, 0x0000000100000000)
  eden space 109568K, 0% used [0x00000000d5f80000,0x00000000d5f80000,0x00000000dca80000)
  from space 18432K, 11% used [0x00000000dca80000,0x00000000dcc82c00,0x00000000ddc80000)
  to   space 17408K, 0% used [0x00000000e3b00000,0x00000000e3b00000,0x00000000e4c00000)
 ParOldGen       total 62976K, used 8740K [0x0000000081e00000, 0x0000000085b80000, 0x00000000d5f80000)
  object space 62976K, 13% used [0x0000000081e00000,0x0000000082689050,0x0000000085b80000)
 Metaspace       used 23788K, capacity 24552K, committed 24704K, reserved 1071104K
  class space    used 3212K, capacity 3381K, committed 3456K, reserved 1048576K
}

