# JRE version: Java(TM) SE Runtime Environment (8.0_171-b11) (build 1.8.0_171-b11)
# Java VM: Java HotSpot(TM) 64-Bit Server VM (25.171-b11 mixed mode windows-amd64 compressed oops)
Heap:
 PSYoungGen      total 134656K, used 77521K [0x00000000d5f80000, 0x00000000de880000, 0x0000000100000000)
  eden space 129024K, 59% used [0x00000000d5f80000,0x00000000daad58e0,0x00000000ddd80000)
  from space 5632K, 6% used [0x00000000de300000,0x00000000de35ec30,0x00000000de880000)
  to   space 5632K, 0% used [0x00000000ddd80000,0x00000000ddd80000,0x00000000de300000)
 ParOldGen       total 75264K, used 34184K [0x0000000081e00000, 0x0000000086780000, 0x00000000d5f80000)
  object space 75264K, 45% used [0x0000000081e00000,0x0000000083f62248,0x0000000086780000)
 Metaspace       used 29904K, capacity 30883K, committed 30976K, reserved 1075200K
  class space    used 4039K, capacity 4289K, committed 4352K, reserved 1048576K
GC Heap History (10 events):
Event: 11.097 GC heap before
{Heap before GC invocations=5 (full 1):
 PSYoungGen      total 38400K, used 34488K [0x00000000d5f80000, 0x00000000d8a00000, 0x0000000100000000)
  eden space 33280K, 99% used [0x00000000d5f80000,0x00000000d7feee48,0x00000000d8000000)
  from space 5120K, 24% used [0x00000000d8000000,0x00000000d813f1e8,0x00000000d8500000)
  to   space 5120K, 0% used [0x00000000d8500000,0x00000000d8500000,0x00000000d8a00000)
 ParOldGen       total 75264K, used 33025K [0x0000000081e00000, 0x0000000086780000, 0x00000000d5f80000)
  object space 75264K, 43% used [0x0000000081e00000,0x0000000083e404a8,0x0000000086780000)
 Metaspace       used 23030K, capacity 23695K, committed 23808K, reserved 1069056K
  class space    used 3085K, capacity 3261K, committed 3328K, reserved 1048576K
Event: 11.098 GC heap after
Heap after GC invocations=5 (full 1):
 PSYoungGen      total 38400K, used 1274K [0x00000000d5f80000, 0x00000000da800000, 0x0000000100000000)
  eden space 33280K, 0% used [0x00000000d5f80000,0x00000000d5f80000,0x00000000d8000000)
  from space 5120K, 24% used [0x00000000d8500000,0x00000000d863e8a0,0x00000000d8a00000)
  to   space 5120K, 0% used [0x00000000d8000000,0x00000000d8000000,0x00000000d8500000)
 ParOldGen       total 75264K, used 33033K [0x0000000081e00000, 0x0000000086780000, 0x00000000d5f80000)
  object space 75264K, 43% used [0x0000000081e00000,0x0000000083e424a8,0x0000000086780000)
 Metaspace       used 23030K, capacity 23695K, committed 23808K, reserved 1069056K
  class space    used 3085K, capacity 3261K, committed 3328K, reserved 1048576K
}
Event: 11.107 GC heap before
{Heap before GC invocations=6 (full 1):
 PSYoungGen      total 38400K, used 34547K [0x00000000d5f80000, 0x00000000da800000, 0x0000000100000000)
  eden space 33280K, 99% used [0x00000000d5f80000,0x00000000d7ffe570,0x00000000d8000000)
  from space 5120K, 24% used [0x00000000d8500000,0x00000000d863e8a0,0x00000000d8a00000)
  to   space 5120K, 0% used [0x00000000d8000000,0x00000000d8000000,0x00000000d8500000)
 ParOldGen       total 75264K, used 33033K [0x0000000081e00000, 0x0000000086780000, 0x00000000d5f80000)
  object space 75264K, 43% used [0x0000000081e00000,0x0000000083e424a8,0x0000000086780000)
 Metaspace       used 23030K, capacity 23695K, committed 23808K, reserved 1069056K
  class space    used 3085K, capacity 3261K, committed 3328K, reserved 1048576K
Event: 11.109 GC heap after
Heap after GC invocations=6 (full 1):
 PSYoungGen      total 38400K, used 1206K [0x00000000d5f80000, 0x00000000dab80000, 0x0000000100000000)
  eden space 33280K, 0% used [0x00000000d5f80000,0x00000000d5f80000,0x00000000d8000000)
  from space 5120K, 23% used [0x00000000d8000000,0x00000000d812d9e8,0x00000000d8500000)
  to   space 6144K, 0% used [0x00000000da580000,0x00000000da580000,0x00000000dab80000)
 ParOldGen       total 75264K, used 33041K [0x0000000081e00000, 0x0000000086780000, 0x00000000d5f80000)
  object space 75264K, 43% used [0x0000000081e00000,0x0000000083e444a8,0x0000000086780000)
 Metaspace       used 23030K, capacity 23695K, committed 23808K, reserved 1069056K
  class space    used 3085K, capacity 3261K, committed 3328K, reserved 1048576K
}
Event: 11.120 GC heap before
{Heap before GC invocations=7 (full 1):
 PSYoungGen      total 38400K, used 34424K [0x00000000d5f80000, 0x00000000dab80000, 0x0000000100000000)
  eden space 33280K, 99% used [0x00000000d5f80000,0x00000000d7ff0618,0x00000000d8000000)
  from space 5120K, 23% used [0x00000000d8000000,0x00000000d812d9e8,0x00000000d8500000)
  to   space 6144K, 0% used [0x00000000da580000,0x00000000da580000,0x00000000dab80000)
 ParOldGen       total 75264K, used 33041K [0x0000000081e00000, 0x0000000086780000, 0x00000000d5f80000)
  object space 75264K, 43% used [0x0000000081e00000,0x0000000083e444a8,0x0000000086780000)
 Metaspace       used 23032K, capacity 23695K, committed 23808K, reserved 1069056K
  class space    used 3085K, capacity 3261K, committed 3328K, reserved 1048576K
Event: 11.122 GC heap after
Heap after GC invocations=7 (full 1):
 PSYoungGen      total 70656K, used 1397K [0x00000000d5f80000, 0x00000000daa80000, 0x0000000100000000)
  eden space 65536K, 0% used [0x00000000d5f80000,0x00000000d5f80000,0x00000000d9f80000)
  from space 5120K, 27% used [0x00000000da580000,0x00000000da6dd778,0x00000000daa80000)
  to   space 5632K, 0% used [0x00000000d9f80000,0x00000000d9f80000,0x00000000da500000)
 ParOldGen       total 75264K, used 33041K [0x0000000081e00000, 0x0000000086780000, 0x00000000d5f80000)
  object space 75264K, 43% used [0x0000000081e00000,0x0000000083e444a8,0x0000000086780000)
 Metaspace       used 23032K, capacity 23695K, committed 23808K, reserved 1069056K
  class space    used 3085K, capacity 3261K, committed 3328K, reserved 1048576K
}
Event: 11.144 GC heap before
{Heap before GC invocations=8 (full 1):
 PSYoungGen      total 70656K, used 66897K [0x00000000d5f80000, 0x00000000daa80000, 0x0000000100000000)
  eden space 65536K, 99% used [0x00000000d5f80000,0x00000000d9f76d38,0x00000000d9f80000)
  from space 5120K, 27% used [0x00000000da580000,0x00000000da6dd778,0x00000000daa80000)
  to   space 5632K, 0% used [0x00000000d9f80000,0x00000000d9f80000,0x00000000da500000)
 ParOldGen       total 75264K, used 33041K [0x0000000081e00000, 0x0000000086780000, 0x00000000d5f80000)
  object space 75264K, 43% used [0x0000000081e00000,0x0000000083e444a8,0x0000000086780000)
 Metaspace       used 23032K, capacity 23695K, committed 23808K, reserved 1069056K
  class space    used 3085K, capacity 3261K, committed 3328K, reserved 1048576K
Event: 11.146 GC heap after
Heap after GC invocations=8 (full 1):
 PSYoungGen      total 71168K, used 1347K [0x00000000d5f80000, 0x00000000de880000, 0x0000000100000000)
  eden space 65536K, 0% used [0x00000000d5f80000,0x00000000d5f80000,0x00000000d9f80000)
  from space 5632K, 23% used [0x00000000d9f80000,0x00000000da0d0f78,0x00000000da500000)
  to   space 5632K, 0% used [0x00000000de300000,0x00000000de300000,0x00000000de880000)
 ParOldGen       total 75264K, used 33041K [0x0000000081e00000, 0x0000000086780000, 0x00000000d5f80000)
  object space 75264K, 43% used [0x0000000081e00000,0x0000000083e444a8,0x0000000086780000)
 Metaspace       used 23032K, capacity 23695K, committed 23808K, reserved 1069056K
  class space    used 3085K, capacity 3261K, committed 3328K, reserved 1048576K
}
Event: 11.158 GC heap before
{Heap before GC invocations=9 (full 1):
 PSYoungGen      total 71168K, used 66795K [0x00000000d5f80000, 0x00000000de880000, 0x0000000100000000)
  eden space 65536K, 99% used [0x00000000d5f80000,0x00000000d9f69f20,0x00000000d9f80000)
  from space 5632K, 23% used [0x00000000d9f80000,0x00000000da0d0f78,0x00000000da500000)
  to   space 5632K, 0% used [0x00000000de300000,0x00000000de300000,0x00000000de880000)
 ParOldGen       total 75264K, used 33041K [0x0000000081e00000, 0x0000000086780000, 0x00000000d5f80000)
  object space 75264K, 43% used [0x0000000081e00000,0x0000000083e444a8,0x0000000086780000)
 Metaspace       used 23058K, capacity 23727K, committed 23808K, reserved 1069056K
  class space    used 3095K, capacity 3293K, committed 3328K, reserved 1048576K
Event: 11.160 GC heap after
Heap after GC invocations=9 (full 1):
 PSYoungGen      total 134656K, used 379K [0x00000000d5f80000, 0x00000000de880000, 0x0000000100000000)
  eden space 129024K, 0% used [0x00000000d5f80000,0x00000000d5f80000,0x00000000ddd80000)
  from space 5632K, 6% used [0x00000000de300000,0x00000000de35ec30,0x00000000de880000)
  to   space 5632K, 0% used [0x00000000ddd80000,0x00000000ddd80000,0x00000000de300000)
 ParOldGen       total 75264K, used 34184K [0x0000000081e00000, 0x0000000086780000, 0x00000000d5f80000)
  object space 75264K, 45% used [0x0000000081e00000,0x0000000083f62248,0x0000000086780000)
 Metaspace       used 23058K, capacity 23727K, committed 23808K, reserved 1069056K
  class space    used 3095K, capacity 3293K, committed 3328K, reserved 1048576K
}

